Assignment3/app/build/intermediates/manifest_merge_blame_file/debug/manifest-merger-blame-debug-report.txt
1<?xml version="1.0" encoding="utf-8"?>
2<manifest xmlns:android="http://schemas.android.com/apk/res/android"
3    package="com.example.assignment3"
4    android:versionCode="1"
5    android:versionName="1.0" >
6
7    <uses-sdk
8        android:minSdkVersion="19"
8-->src/main/AndroidManifest.xml
9        android:targetSdkVersion="29" />
9-->src/main/AndroidManifest.xml
10
11    <application
11-->src/main/AndroidManifest.xml:5:5-30:19
12        android:allowBackup="true"
12-->src/main/AndroidManifest.xml:6:9-35
13        android:appComponentFactory="androidx.core.app.CoreComponentFactory"
13-->[androidx.core:core:1.0.1] AndroidManifest.xml:22:18-86
14        android:debuggable="true"
15        android:icon="@mipmap/ic_launcher"
15-->src/main/AndroidManifest.xml:7:9-43
16        android:label="@string/app_name"
16-->src/main/AndroidManifest.xml:8:9-41
17        android:roundIcon="@mipmap/ic_launcher_round"
17-->src/main/AndroidManifest.xml:9:9-54
18        android:supportsRtl="true"
18-->src/main/AndroidManifest.xml:10:9-35
19        android:theme="@style/AppTheme" >
19-->src/main/AndroidManifest.xml:11:9-40
20        <activity android:name="com.example.assignment3.activities.TestActivity" >
20-->src/main/AndroidManifest.xml:12:9-15:20
20-->src/main/AndroidManifest.xml:12:19-58
21        </activity>
22        <activity android:name="com.example.assignment3.activities.AddStudentActivity" >
22-->src/main/AndroidManifest.xml:16:9-19:20
22-->src/main/AndroidManifest.xml:16:19-64
23        </activity>
24        <activity android:name="com.example.assignment3.activities.HomeActivity" >
24-->src/main/AndroidManifest.xml:20:9-22:20
24-->src/main/AndroidManifest.xml:20:19-58
25        </activity>
26        <activity android:name="com.example.assignment3.activities.SplashScreenActivity" >
26-->src/main/AndroidManifest.xml:23:9-29:20
26-->src/main/AndroidManifest.xml:23:19-66
27            <intent-filter>
27-->src/main/AndroidManifest.xml:24:13-28:29
28                <action android:name="android.intent.action.MAIN" />
28-->src/main/AndroidManifest.xml:25:17-69
28-->src/main/AndroidManifest.xml:25:25-66
29
30                <category android:name="android.intent.category.LAUNCHER" />
30-->src/main/AndroidManifest.xml:27:17-77
30-->src/main/AndroidManifest.xml:27:27-74
31            </intent-filter>
32        </activity>
33    </application>
34
35</manifest>